[debug] [2017-11-16T17:48:16.832Z] ----------------------------------------------------------------------
[debug] [2017-11-16T17:48:16.832Z] Command:       C:\Program Files\nodejs\node.exe C:\Users\ronal.ramos\AppData\Roaming\npm\node_modules\firebase-tools\bin\firebase serve
[debug] [2017-11-16T17:48:16.832Z] CLI Version:   3.15.1
[debug] [2017-11-16T17:48:16.832Z] Platform:      win32
[debug] [2017-11-16T17:48:16.832Z] Node Version:  v6.11.2
[debug] [2017-11-16T17:48:16.832Z] Time:          Thu Nov 16 2017 12:48:16 GMT-0500 (SA Pacific Standard Time)
[debug] [2017-11-16T17:48:16.832Z] ----------------------------------------------------------------------
[debug] 
[debug] [2017-11-16T17:48:16.879Z] > command requires scopes: ["email","openid","https://www.googleapis.com/auth/cloudplatformprojects.readonly","https://www.googleapis.com/auth/firebase","https://www.googleapis.com/auth/cloud-platform"]
[debug] [2017-11-16T17:48:16.879Z] > authorizing via signed-in user
[debug] [2017-11-16T17:48:16.879Z] > refreshing access token with scopes: ["email","https://www.googleapis.com/auth/cloud-platform","https://www.googleapis.com/auth/cloudplatformprojects.readonly","https://www.googleapis.com/auth/firebase","openid"]
[debug] [2017-11-16T17:48:16.879Z] >>> HTTP REQUEST POST https://www.googleapis.com/oauth2/v3/token { refresh_token: '1/KDddKQARMQEhlbc1koYHmpFRYcItCmmVhUTtkq3PquDTbbvfJi0ScwP2VH1D69tH',
  client_id: '563584335869-fgrhgmd47bqnekij5i8b5pr03ho849e6.apps.googleusercontent.com',
  client_secret: 'j9iVZfS8kkCEFUPaAeJV0sAi',
  grant_type: 'refresh_token',
  scope: 'email https://www.googleapis.com/auth/cloud-platform https://www.googleapis.com/auth/cloudplatformprojects.readonly https://www.googleapis.com/auth/firebase openid' } 
 Thu Nov 16 2017 12:48:16 GMT-0500 (SA Pacific Standard Time)
[debug] [2017-11-16T17:48:17.160Z] <<< HTTP RESPONSE 200
[debug] [2017-11-16T17:48:17.194Z] >>> HTTP REQUEST GET https://admin.firebase.com/v1/projects/agilforyou-challenge  
 Thu Nov 16 2017 12:48:17 GMT-0500 (SA Pacific Standard Time)
[debug] [2017-11-16T17:48:17.961Z] <<< HTTP RESPONSE 200
[debug] [2017-11-16T17:48:17.961Z] >>> HTTP REQUEST GET https://admin.firebase.com/v1/database/agilforyou-challenge/tokens  
 Thu Nov 16 2017 12:48:17 GMT-0500 (SA Pacific Standard Time)
[debug] [2017-11-16T17:48:18.463Z] <<< HTTP RESPONSE 200
[info] 
[info] === Serving from 'C:\Users\ronal.ramos'...
[info] 
[debug] [2017-11-16T17:48:18.478Z] >>> HTTP REQUEST GET https://cloudresourcemanager.googleapis.com/v1/projects/agilforyou-challenge  
 Thu Nov 16 2017 12:48:18 GMT-0500 (SA Pacific Standard Time)
[debug] [2017-11-16T17:48:19.142Z] <<< HTTP RESPONSE 200
[debug] [2017-11-16T17:48:19.142Z] >>> HTTP REQUEST GET https://mobilesdk-pa.googleapis.com/v1/projects/285978990060/clients/_:getWebAppConfig  
 Thu Nov 16 2017 12:48:19 GMT-0500 (SA Pacific Standard Time)
[debug] [2017-11-16T17:48:19.704Z] <<< HTTP RESPONSE 200
[debug] [2017-11-16T17:48:19.982Z] TypeError: Cannot read property 'public' of undefined
    at Server.<anonymous> (C:\Users\ronal.ramos\AppData\Roaming\npm\node_modules\firebase-tools\lib\serve\hosting.js:34:17)
    at Server.g (events.js:292:16)
    at emitNone (events.js:86:13)
    at Server.emit (events.js:185:7)
    at emitListeningNT (net.js:1284:10)
    at _combinedTickCallback (internal/process/next_tick.js:77:11)
    at process._tickDomainCallback (internal/process/next_tick.js:128:9)
[error] 
[error] Error: An unexpected error has occurred.
