0 info it worked if it ends with ok
1 verbose cli [ 'C:\\Program Files\\nodejs\\node.exe',
1 verbose cli   'C:\\Program Files\\nodejs\\node_modules\\npm\\bin\\npm-cli.js',
1 verbose cli   'install',
1 verbose cli   'firebase',
1 verbose cli   '--save' ]
2 info using npm@3.10.10
3 info using node@v6.11.2
4 silly loadCurrentTree Starting
5 silly install loadCurrentTree
6 silly install readLocalPackageData
7 silly fetchPackageMetaData firebase
8 silly fetchNamedPackageData firebase
9 silly mapToRegistry name firebase
10 silly mapToRegistry using default registry
11 silly mapToRegistry registry https://registry.npmjs.org/
12 silly mapToRegistry data Result {
12 silly mapToRegistry   raw: 'firebase',
12 silly mapToRegistry   scope: null,
12 silly mapToRegistry   escapedName: 'firebase',
12 silly mapToRegistry   name: 'firebase',
12 silly mapToRegistry   rawSpec: '',
12 silly mapToRegistry   spec: 'latest',
12 silly mapToRegistry   type: 'tag' }
13 silly mapToRegistry uri https://registry.npmjs.org/firebase
14 verbose request uri https://registry.npmjs.org/firebase
15 verbose request no auth needed
16 info attempt registry request try #1 at 13:04:54
17 verbose request id 29ada7a67db5f75a
18 verbose etag W/"5a04e55e-27c07"
19 verbose lastModified Thu, 09 Nov 2017 23:31:42 GMT
20 http request GET https://registry.npmjs.org/firebase
21 info retry will retry, error on last attempt: Error: connect ETIMEDOUT 151.101.64.162:443
22 info attempt registry request try #2 at 13:05:25
23 verbose etag W/"5a04e55e-27c07"
24 verbose lastModified Thu, 09 Nov 2017 23:31:42 GMT
25 http request GET https://registry.npmjs.org/firebase
26 info retry will retry, error on last attempt: Error: connect ETIMEDOUT 151.101.64.162:443
27 info attempt registry request try #3 at 13:06:46
28 verbose etag W/"5a04e55e-27c07"
29 verbose lastModified Thu, 09 Nov 2017 23:31:42 GMT
30 http request GET https://registry.npmjs.org/firebase
31 http 304 https://registry.npmjs.org/firebase
32 verbose headers { date: 'Thu, 16 Nov 2017 16:07:03 GMT',
32 verbose headers   via: '1.1 varnish',
32 verbose headers   'cache-control': 'max-age=300',
32 verbose headers   etag: 'W/"5a04e55e-27c07"',
32 verbose headers   age: '35',
32 verbose headers   connection: 'keep-alive',
32 verbose headers   'x-served-by': 'cache-mia17623-MIA',
32 verbose headers   'x-cache': 'HIT',
32 verbose headers   'x-cache-hits': '1',
32 verbose headers   'x-timer': 'S1510848424.748333,VS0,VE1',
32 verbose headers   vary: 'Accept-Encoding, Accept' }
33 silly get cb [ 304,
33 silly get   { date: 'Thu, 16 Nov 2017 16:07:03 GMT',
33 silly get     via: '1.1 varnish',
33 silly get     'cache-control': 'max-age=300',
33 silly get     etag: 'W/"5a04e55e-27c07"',
33 silly get     age: '35',
33 silly get     connection: 'keep-alive',
33 silly get     'x-served-by': 'cache-mia17623-MIA',
33 silly get     'x-cache': 'HIT',
33 silly get     'x-cache-hits': '1',
33 silly get     'x-timer': 'S1510848424.748333,VS0,VE1',
33 silly get     vary: 'Accept-Encoding, Accept' } ]
34 verbose etag https://registry.npmjs.org/firebase from cache
35 verbose get saving firebase to C:\Users\juan.cano\AppData\Roaming\npm-cache\registry.npmjs.org\firebase\.cache.json
36 verbose correctMkdir C:\Users\juan.cano\AppData\Roaming\npm-cache correctMkdir not in flight; initializing
37 silly install normalizeTree
38 silly loadCurrentTree Finishing
39 silly loadIdealTree Starting
40 silly install loadIdealTree
41 silly cloneCurrentTree Starting
42 silly install cloneCurrentTreeToIdealTree
43 silly cloneCurrentTree Finishing
44 silly loadShrinkwrap Starting
45 silly install loadShrinkwrap
46 silly loadShrinkwrap Finishing
47 silly loadAllDepsIntoIdealTree Starting
48 silly install loadAllDepsIntoIdealTree
49 silly resolveWithNewModule firebase@4.6.2 checking installable status
50 silly cache add args [ 'firebase', null ]
51 verbose cache add spec firebase
52 silly cache add parsed spec Result {
52 silly cache add   raw: 'firebase',
52 silly cache add   scope: null,
52 silly cache add   escapedName: 'firebase',
52 silly cache add   name: 'firebase',
52 silly cache add   rawSpec: '',
52 silly cache add   spec: 'latest',
52 silly cache add   type: 'tag' }
53 silly addNamed firebase@latest
54 verbose addNamed "latest" is being treated as a dist-tag for firebase
55 info addNameTag [ 'firebase', 'latest' ]
56 silly mapToRegistry name firebase
57 silly mapToRegistry using default registry
58 silly mapToRegistry registry https://registry.npmjs.org/
59 silly mapToRegistry data Result {
59 silly mapToRegistry   raw: 'firebase',
59 silly mapToRegistry   scope: null,
59 silly mapToRegistry   escapedName: 'firebase',
59 silly mapToRegistry   name: 'firebase',
59 silly mapToRegistry   rawSpec: '',
59 silly mapToRegistry   spec: 'latest',
59 silly mapToRegistry   type: 'tag' }
60 silly mapToRegistry uri https://registry.npmjs.org/firebase
61 verbose addNameTag registry:https://registry.npmjs.org/firebase not in flight; fetching
62 verbose get https://registry.npmjs.org/firebase not expired, no request
63 silly addNameTag next cb for firebase with tag latest
64 silly addNamed firebase@4.6.2
65 verbose addNamed "4.6.2" is a plain semver version for firebase
66 silly mapToRegistry name firebase
67 silly mapToRegistry using default registry
68 silly mapToRegistry registry https://registry.npmjs.org/
69 silly mapToRegistry data Result {
69 silly mapToRegistry   raw: 'firebase',
69 silly mapToRegistry   scope: null,
69 silly mapToRegistry   escapedName: 'firebase',
69 silly mapToRegistry   name: 'firebase',
69 silly mapToRegistry   rawSpec: '',
69 silly mapToRegistry   spec: 'latest',
69 silly mapToRegistry   type: 'tag' }
70 silly mapToRegistry uri https://registry.npmjs.org/firebase
71 verbose addRemoteTarball https://registry.npmjs.org/firebase/-/firebase-4.6.2.tgz not in flight; adding
72 verbose addRemoteTarball [ 'https://registry.npmjs.org/firebase/-/firebase-4.6.2.tgz',
72 verbose addRemoteTarball   'd4d983d975b98ee27588b25791238a1a1e01a71d' ]
73 info retry fetch attempt 1 at 13:07:05
74 info attempt registry request try #1 at 13:07:05
75 http fetch GET https://registry.npmjs.org/firebase/-/firebase-4.6.2.tgz
76 http fetch 200 https://registry.npmjs.org/firebase/-/firebase-4.6.2.tgz
77 silly fetchAndShaCheck shasum d4d983d975b98ee27588b25791238a1a1e01a71d
78 verbose addTmpTarball C:\Users\JUAN~1.CAN\AppData\Local\Temp\npm-7224-97e5e9bc\registry.npmjs.org\firebase\-\firebase-4.6.2.tgz not in flight; adding
79 verbose addTmpTarball already have metadata; skipping unpack for firebase@4.6.2
80 verbose correctMkdir C:\Users\juan.cano\AppData\Roaming\npm-cache correctMkdir not in flight; initializing
81 silly cache afterAdd firebase@4.6.2
82 verbose afterAdd C:\Users\juan.cano\AppData\Roaming\npm-cache\firebase\4.6.2\package\package.json not in flight; writing
83 verbose correctMkdir C:\Users\juan.cano\AppData\Roaming\npm-cache correctMkdir not in flight; initializing
84 verbose afterAdd C:\Users\juan.cano\AppData\Roaming\npm-cache\firebase\4.6.2\package\package.json written
85 silly fetchNamedPackageData @firebase/app
86 silly mapToRegistry name @firebase/app
87 silly mapToRegistry scope (from package name) @firebase
88 verbose mapToRegistry no registry URL found in name for scope @firebase
89 silly mapToRegistry using default registry
90 silly mapToRegistry registry https://registry.npmjs.org/
91 silly mapToRegistry data Result {
91 silly mapToRegistry   raw: '@firebase/app',
91 silly mapToRegistry   scope: '@firebase',
91 silly mapToRegistry   escapedName: '@firebase%2fapp',
91 silly mapToRegistry   name: '@firebase/app',
91 silly mapToRegistry   rawSpec: '',
91 silly mapToRegistry   spec: 'latest',
91 silly mapToRegistry   type: 'tag' }
92 silly mapToRegistry uri https://registry.npmjs.org/@firebase%2fapp
93 silly fetchNamedPackageData @firebase/auth
94 silly mapToRegistry name @firebase/auth
95 silly mapToRegistry scope (from package name) @firebase
96 verbose mapToRegistry no registry URL found in name for scope @firebase
97 silly mapToRegistry using default registry
98 silly mapToRegistry registry https://registry.npmjs.org/
99 silly mapToRegistry data Result {
99 silly mapToRegistry   raw: '@firebase/auth',
99 silly mapToRegistry   scope: '@firebase',
99 silly mapToRegistry   escapedName: '@firebase%2fauth',
99 silly mapToRegistry   name: '@firebase/auth',
99 silly mapToRegistry   rawSpec: '',
99 silly mapToRegistry   spec: 'latest',
99 silly mapToRegistry   type: 'tag' }
100 silly mapToRegistry uri https://registry.npmjs.org/@firebase%2fauth
101 silly fetchNamedPackageData @firebase/database
102 silly mapToRegistry name @firebase/database
103 silly mapToRegistry scope (from package name) @firebase
104 verbose mapToRegistry no registry URL found in name for scope @firebase
105 silly mapToRegistry using default registry
106 silly mapToRegistry registry https://registry.npmjs.org/
107 silly mapToRegistry data Result {
107 silly mapToRegistry   raw: '@firebase/database',
107 silly mapToRegistry   scope: '@firebase',
107 silly mapToRegistry   escapedName: '@firebase%2fdatabase',
107 silly mapToRegistry   name: '@firebase/database',
107 silly mapToRegistry   rawSpec: '',
107 silly mapToRegistry   spec: 'latest',
107 silly mapToRegistry   type: 'tag' }
108 silly mapToRegistry uri https://registry.npmjs.org/@firebase%2fdatabase
109 silly fetchNamedPackageData @firebase/firestore
110 silly mapToRegistry name @firebase/firestore
111 silly mapToRegistry scope (from package name) @firebase
112 verbose mapToRegistry no registry URL found in name for scope @firebase
113 silly mapToRegistry using default registry
114 silly mapToRegistry registry https://registry.npmjs.org/
115 silly mapToRegistry data Result {
115 silly mapToRegistry   raw: '@firebase/firestore',
115 silly mapToRegistry   scope: '@firebase',
115 silly mapToRegistry   escapedName: '@firebase%2ffirestore',
115 silly mapToRegistry   name: '@firebase/firestore',
115 silly mapToRegistry   rawSpec: '',
115 silly mapToRegistry   spec: 'latest',
115 silly mapToRegistry   type: 'tag' }
116 silly mapToRegistry uri https://registry.npmjs.org/@firebase%2ffirestore
117 silly fetchNamedPackageData @firebase/messaging
118 silly mapToRegistry name @firebase/messaging
119 silly mapToRegistry scope (from package name) @firebase
120 verbose mapToRegistry no registry URL found in name for scope @firebase
121 silly mapToRegistry using default registry
122 silly mapToRegistry registry https://registry.npmjs.org/
123 silly mapToRegistry data Result {
123 silly mapToRegistry   raw: '@firebase/messaging',
123 silly mapToRegistry   scope: '@firebase',
123 silly mapToRegistry   escapedName: '@firebase%2fmessaging',
123 silly mapToRegistry   name: '@firebase/messaging',
123 silly mapToRegistry   rawSpec: '',
123 silly mapToRegistry   spec: 'latest',
123 silly mapToRegistry   type: 'tag' }
124 silly mapToRegistry uri https://registry.npmjs.org/@firebase%2fmessaging
125 silly fetchNamedPackageData @firebase/polyfill
126 silly mapToRegistry name @firebase/polyfill
127 silly mapToRegistry scope (from package name) @firebase
128 verbose mapToRegistry no registry URL found in name for scope @firebase
129 silly mapToRegistry using default registry
130 silly mapToRegistry registry https://registry.npmjs.org/
131 silly mapToRegistry data Result {
131 silly mapToRegistry   raw: '@firebase/polyfill',
131 silly mapToRegistry   scope: '@firebase',
131 silly mapToRegistry   escapedName: '@firebase%2fpolyfill',
131 silly mapToRegistry   name: '@firebase/polyfill',
131 silly mapToRegistry   rawSpec: '',
131 silly mapToRegistry   spec: 'latest',
131 silly mapToRegistry   type: 'tag' }
132 silly mapToRegistry uri https://registry.npmjs.org/@firebase%2fpolyfill
133 silly fetchNamedPackageData @firebase/storage
134 silly mapToRegistry name @firebase/storage
135 silly mapToRegistry scope (from package name) @firebase
136 verbose mapToRegistry no registry URL found in name for scope @firebase
137 silly mapToRegistry using default registry
138 silly mapToRegistry registry https://registry.npmjs.org/
139 silly mapToRegistry data Result {
139 silly mapToRegistry   raw: '@firebase/storage',
139 silly mapToRegistry   scope: '@firebase',
139 silly mapToRegistry   escapedName: '@firebase%2fstorage',
139 silly mapToRegistry   name: '@firebase/storage',
139 silly mapToRegistry   rawSpec: '',
139 silly mapToRegistry   spec: 'latest',
139 silly mapToRegistry   type: 'tag' }
140 silly mapToRegistry uri https://registry.npmjs.org/@firebase%2fstorage
141 silly fetchNamedPackageData dom-storage
142 silly mapToRegistry name dom-storage
143 silly mapToRegistry using default registry
144 silly mapToRegistry registry https://registry.npmjs.org/
145 silly mapToRegistry data Result {
145 silly mapToRegistry   raw: 'dom-storage',
145 silly mapToRegistry   scope: null,
145 silly mapToRegistry   escapedName: 'dom-storage',
145 silly mapToRegistry   name: 'dom-storage',
145 silly mapToRegistry   rawSpec: '',
145 silly mapToRegistry   spec: 'latest',
145 silly mapToRegistry   type: 'tag' }
146 silly mapToRegistry uri https://registry.npmjs.org/dom-storage
147 silly fetchNamedPackageData xmlhttprequest
148 silly mapToRegistry name xmlhttprequest
149 silly mapToRegistry using default registry
150 silly mapToRegistry registry https://registry.npmjs.org/
151 silly mapToRegistry data Result {
151 silly mapToRegistry   raw: 'xmlhttprequest',
151 silly mapToRegistry   scope: null,
151 silly mapToRegistry   escapedName: 'xmlhttprequest',
151 silly mapToRegistry   name: 'xmlhttprequest',
151 silly mapToRegistry   rawSpec: '',
151 silly mapToRegistry   spec: 'latest',
151 silly mapToRegistry   type: 'tag' }
152 silly mapToRegistry uri https://registry.npmjs.org/xmlhttprequest
153 verbose request uri https://registry.npmjs.org/@firebase%2fapp
154 verbose request no auth needed
155 info attempt registry request try #1 at 13:07:06
156 http request GET https://registry.npmjs.org/@firebase%2fapp
157 verbose request uri https://registry.npmjs.org/@firebase%2fauth
158 verbose request no auth needed
159 info attempt registry request try #1 at 13:07:06
160 http request GET https://registry.npmjs.org/@firebase%2fauth
161 verbose request uri https://registry.npmjs.org/@firebase%2fdatabase
162 verbose request no auth needed
163 info attempt registry request try #1 at 13:07:06
164 http request GET https://registry.npmjs.org/@firebase%2fdatabase
165 verbose request uri https://registry.npmjs.org/@firebase%2ffirestore
166 verbose request no auth needed
167 info attempt registry request try #1 at 13:07:06
168 http request GET https://registry.npmjs.org/@firebase%2ffirestore
169 verbose request uri https://registry.npmjs.org/@firebase%2fmessaging
170 verbose request no auth needed
171 info attempt registry request try #1 at 13:07:06
172 http request GET https://registry.npmjs.org/@firebase%2fmessaging
173 verbose request uri https://registry.npmjs.org/@firebase%2fpolyfill
174 verbose request no auth needed
175 info attempt registry request try #1 at 13:07:06
176 http request GET https://registry.npmjs.org/@firebase%2fpolyfill
177 verbose request uri https://registry.npmjs.org/@firebase%2fstorage
178 verbose request no auth needed
179 info attempt registry request try #1 at 13:07:06
180 http request GET https://registry.npmjs.org/@firebase%2fstorage
181 verbose request uri https://registry.npmjs.org/dom-storage
182 verbose request no auth needed
183 info attempt registry request try #1 at 13:07:06
184 http request GET https://registry.npmjs.org/dom-storage
185 verbose request uri https://registry.npmjs.org/xmlhttprequest
186 verbose request no auth needed
187 info attempt registry request try #1 at 13:07:06
188 http request GET https://registry.npmjs.org/xmlhttprequest
189 info retry will retry, error on last attempt: Error: read ECONNRESET
190 info retry will retry, error on last attempt: Error: read ECONNRESET
191 info retry will retry, error on last attempt: Error: read ECONNRESET
192 info retry will retry, error on last attempt: Error: read ECONNRESET
193 info retry will retry, error on last attempt: Error: read ECONNRESET
194 info retry will retry, error on last attempt: Error: read ECONNRESET
195 info retry will retry, error on last attempt: Error: read ECONNRESET
196 info retry will retry, error on last attempt: Error: read ECONNRESET
197 info retry will retry, error on last attempt: Error: read ECONNRESET
198 info attempt registry request try #2 at 13:07:18
199 http request GET https://registry.npmjs.org/@firebase%2fdatabase
200 info attempt registry request try #2 at 13:07:18
201 http request GET https://registry.npmjs.org/@firebase%2fauth
202 info attempt registry request try #2 at 13:07:18
203 http request GET https://registry.npmjs.org/@firebase%2ffirestore
204 info attempt registry request try #2 at 13:07:18
205 http request GET https://registry.npmjs.org/@firebase%2fpolyfill
206 info attempt registry request try #2 at 13:07:18
207 http request GET https://registry.npmjs.org/@firebase%2fmessaging
208 info attempt registry request try #2 at 13:07:18
209 http request GET https://registry.npmjs.org/@firebase%2fstorage
210 info attempt registry request try #2 at 13:07:18
211 http request GET https://registry.npmjs.org/dom-storage
212 info attempt registry request try #2 at 13:07:18
213 http request GET https://registry.npmjs.org/xmlhttprequest
214 info attempt registry request try #2 at 13:07:18
215 http request GET https://registry.npmjs.org/@firebase%2fapp
216 info retry will retry, error on last attempt: Error: connect ETIMEDOUT 151.101.64.162:443
217 info retry will retry, error on last attempt: Error: connect ETIMEDOUT 151.101.64.162:443
218 info retry will retry, error on last attempt: Error: connect ETIMEDOUT 151.101.64.162:443
219 info retry will retry, error on last attempt: Error: connect ETIMEDOUT 151.101.64.162:443
220 info retry will retry, error on last attempt: Error: connect ETIMEDOUT 151.101.64.162:443
221 info retry will retry, error on last attempt: Error: connect ETIMEDOUT 151.101.64.162:443
222 info retry will retry, error on last attempt: Error: connect ETIMEDOUT 151.101.64.162:443
223 info retry will retry, error on last attempt: Error: connect ETIMEDOUT 151.101.64.162:443
224 info retry will retry, error on last attempt: Error: connect ETIMEDOUT 151.101.64.162:443
225 info attempt registry request try #3 at 13:08:39
226 http request GET https://registry.npmjs.org/@firebase%2ffirestore
227 info attempt registry request try #3 at 13:08:39
228 http request GET https://registry.npmjs.org/dom-storage
229 info attempt registry request try #3 at 13:08:39
230 http request GET https://registry.npmjs.org/@firebase%2fmessaging
231 info attempt registry request try #3 at 13:08:39
232 http request GET https://registry.npmjs.org/@firebase%2fauth
233 info attempt registry request try #3 at 13:08:39
234 http request GET https://registry.npmjs.org/@firebase%2fpolyfill
235 info attempt registry request try #3 at 13:08:39
236 http request GET https://registry.npmjs.org/@firebase%2fdatabase
237 info attempt registry request try #3 at 13:08:39
238 http request GET https://registry.npmjs.org/@firebase%2fstorage
239 info attempt registry request try #3 at 13:08:39
240 http request GET https://registry.npmjs.org/xmlhttprequest
241 info attempt registry request try #3 at 13:08:39
242 http request GET https://registry.npmjs.org/@firebase%2fapp
243 silly fetchPackageMetaData Error: connect ETIMEDOUT 151.101.192.162:443
243 silly fetchPackageMetaData     at Object.exports._errnoException (util.js:1020:11)
243 silly fetchPackageMetaData     at exports._exceptionWithHostPort (util.js:1043:20)
243 silly fetchPackageMetaData     at TCPConnectWrap.afterConnect [as oncomplete] (net.js:1086:14)
243 silly fetchPackageMetaData  error for @firebase/database@^0.1.3 { Error: connect ETIMEDOUT 151.101.192.162:443
243 silly fetchPackageMetaData     at Object.exports._errnoException (util.js:1020:11)
243 silly fetchPackageMetaData     at exports._exceptionWithHostPort (util.js:1043:20)
243 silly fetchPackageMetaData     at TCPConnectWrap.afterConnect [as oncomplete] (net.js:1086:14)
243 silly fetchPackageMetaData   code: 'ETIMEDOUT',
243 silly fetchPackageMetaData   errno: 'ETIMEDOUT',
243 silly fetchPackageMetaData   syscall: 'connect',
243 silly fetchPackageMetaData   address: '151.101.192.162',
243 silly fetchPackageMetaData   port: 443 }
244 silly fetchPackageMetaData Error: connect ETIMEDOUT 151.101.192.162:443
244 silly fetchPackageMetaData     at Object.exports._errnoException (util.js:1020:11)
244 silly fetchPackageMetaData     at exports._exceptionWithHostPort (util.js:1043:20)
244 silly fetchPackageMetaData     at TCPConnectWrap.afterConnect [as oncomplete] (net.js:1086:14)
244 silly fetchPackageMetaData  error for @firebase/polyfill@^0.1.2 { Error: connect ETIMEDOUT 151.101.192.162:443
244 silly fetchPackageMetaData     at Object.exports._errnoException (util.js:1020:11)
244 silly fetchPackageMetaData     at exports._exceptionWithHostPort (util.js:1043:20)
244 silly fetchPackageMetaData     at TCPConnectWrap.afterConnect [as oncomplete] (net.js:1086:14)
244 silly fetchPackageMetaData   code: 'ETIMEDOUT',
244 silly fetchPackageMetaData   errno: 'ETIMEDOUT',
244 silly fetchPackageMetaData   syscall: 'connect',
244 silly fetchPackageMetaData   address: '151.101.192.162',
244 silly fetchPackageMetaData   port: 443 }
245 silly fetchPackageMetaData Error: connect ETIMEDOUT 151.101.192.162:443
245 silly fetchPackageMetaData     at Object.exports._errnoException (util.js:1020:11)
245 silly fetchPackageMetaData     at exports._exceptionWithHostPort (util.js:1043:20)
245 silly fetchPackageMetaData     at TCPConnectWrap.afterConnect [as oncomplete] (net.js:1086:14)
245 silly fetchPackageMetaData  error for @firebase/storage@^0.1.2 { Error: connect ETIMEDOUT 151.101.192.162:443
245 silly fetchPackageMetaData     at Object.exports._errnoException (util.js:1020:11)
245 silly fetchPackageMetaData     at exports._exceptionWithHostPort (util.js:1043:20)
245 silly fetchPackageMetaData     at TCPConnectWrap.afterConnect [as oncomplete] (net.js:1086:14)
245 silly fetchPackageMetaData   code: 'ETIMEDOUT',
245 silly fetchPackageMetaData   errno: 'ETIMEDOUT',
245 silly fetchPackageMetaData   syscall: 'connect',
245 silly fetchPackageMetaData   address: '151.101.192.162',
245 silly fetchPackageMetaData   port: 443 }
246 silly fetchPackageMetaData Error: connect ETIMEDOUT 151.101.192.162:443
246 silly fetchPackageMetaData     at Object.exports._errnoException (util.js:1020:11)
246 silly fetchPackageMetaData     at exports._exceptionWithHostPort (util.js:1043:20)
246 silly fetchPackageMetaData     at TCPConnectWrap.afterConnect [as oncomplete] (net.js:1086:14)
246 silly fetchPackageMetaData  error for @firebase/messaging@^0.1.3 { Error: connect ETIMEDOUT 151.101.192.162:443
246 silly fetchPackageMetaData     at Object.exports._errnoException (util.js:1020:11)
246 silly fetchPackageMetaData     at exports._exceptionWithHostPort (util.js:1043:20)
246 silly fetchPackageMetaData     at TCPConnectWrap.afterConnect [as oncomplete] (net.js:1086:14)
246 silly fetchPackageMetaData   code: 'ETIMEDOUT',
246 silly fetchPackageMetaData   errno: 'ETIMEDOUT',
246 silly fetchPackageMetaData   syscall: 'connect',
246 silly fetchPackageMetaData   address: '151.101.192.162',
246 silly fetchPackageMetaData   port: 443 }
247 silly fetchPackageMetaData Error: connect ETIMEDOUT 151.101.192.162:443
247 silly fetchPackageMetaData     at Object.exports._errnoException (util.js:1020:11)
247 silly fetchPackageMetaData     at exports._exceptionWithHostPort (util.js:1043:20)
247 silly fetchPackageMetaData     at TCPConnectWrap.afterConnect [as oncomplete] (net.js:1086:14)
247 silly fetchPackageMetaData  error for dom-storage@^2.0.2 { Error: connect ETIMEDOUT 151.101.192.162:443
247 silly fetchPackageMetaData     at Object.exports._errnoException (util.js:1020:11)
247 silly fetchPackageMetaData     at exports._exceptionWithHostPort (util.js:1043:20)
247 silly fetchPackageMetaData     at TCPConnectWrap.afterConnect [as oncomplete] (net.js:1086:14)
247 silly fetchPackageMetaData   code: 'ETIMEDOUT',
247 silly fetchPackageMetaData   errno: 'ETIMEDOUT',
247 silly fetchPackageMetaData   syscall: 'connect',
247 silly fetchPackageMetaData   address: '151.101.192.162',
247 silly fetchPackageMetaData   port: 443 }
248 silly fetchPackageMetaData Error: connect ETIMEDOUT 151.101.192.162:443
248 silly fetchPackageMetaData     at Object.exports._errnoException (util.js:1020:11)
248 silly fetchPackageMetaData     at exports._exceptionWithHostPort (util.js:1043:20)
248 silly fetchPackageMetaData     at TCPConnectWrap.afterConnect [as oncomplete] (net.js:1086:14)
248 silly fetchPackageMetaData  error for @firebase/firestore@^0.1.4 { Error: connect ETIMEDOUT 151.101.192.162:443
248 silly fetchPackageMetaData     at Object.exports._errnoException (util.js:1020:11)
248 silly fetchPackageMetaData     at exports._exceptionWithHostPort (util.js:1043:20)
248 silly fetchPackageMetaData     at TCPConnectWrap.afterConnect [as oncomplete] (net.js:1086:14)
248 silly fetchPackageMetaData   code: 'ETIMEDOUT',
248 silly fetchPackageMetaData   errno: 'ETIMEDOUT',
248 silly fetchPackageMetaData   syscall: 'connect',
248 silly fetchPackageMetaData   address: '151.101.192.162',
248 silly fetchPackageMetaData   port: 443 }
249 silly fetchPackageMetaData Error: connect ETIMEDOUT 151.101.192.162:443
249 silly fetchPackageMetaData     at Object.exports._errnoException (util.js:1020:11)
249 silly fetchPackageMetaData     at exports._exceptionWithHostPort (util.js:1043:20)
249 silly fetchPackageMetaData     at TCPConnectWrap.afterConnect [as oncomplete] (net.js:1086:14)
249 silly fetchPackageMetaData  error for xmlhttprequest@^1.8.0 { Error: connect ETIMEDOUT 151.101.192.162:443
249 silly fetchPackageMetaData     at Object.exports._errnoException (util.js:1020:11)
249 silly fetchPackageMetaData     at exports._exceptionWithHostPort (util.js:1043:20)
249 silly fetchPackageMetaData     at TCPConnectWrap.afterConnect [as oncomplete] (net.js:1086:14)
249 silly fetchPackageMetaData   code: 'ETIMEDOUT',
249 silly fetchPackageMetaData   errno: 'ETIMEDOUT',
249 silly fetchPackageMetaData   syscall: 'connect',
249 silly fetchPackageMetaData   address: '151.101.192.162',
249 silly fetchPackageMetaData   port: 443 }
250 silly fetchPackageMetaData Error: connect ETIMEDOUT 151.101.192.162:443
250 silly fetchPackageMetaData     at Object.exports._errnoException (util.js:1020:11)
250 silly fetchPackageMetaData     at exports._exceptionWithHostPort (util.js:1043:20)
250 silly fetchPackageMetaData     at TCPConnectWrap.afterConnect [as oncomplete] (net.js:1086:14)
250 silly fetchPackageMetaData  error for @firebase/auth@^0.2.2 { Error: connect ETIMEDOUT 151.101.192.162:443
250 silly fetchPackageMetaData     at Object.exports._errnoException (util.js:1020:11)
250 silly fetchPackageMetaData     at exports._exceptionWithHostPort (util.js:1043:20)
250 silly fetchPackageMetaData     at TCPConnectWrap.afterConnect [as oncomplete] (net.js:1086:14)
250 silly fetchPackageMetaData   code: 'ETIMEDOUT',
250 silly fetchPackageMetaData   errno: 'ETIMEDOUT',
250 silly fetchPackageMetaData   syscall: 'connect',
250 silly fetchPackageMetaData   address: '151.101.192.162',
250 silly fetchPackageMetaData   port: 443 }
251 silly fetchPackageMetaData Error: connect ETIMEDOUT 151.101.192.162:443
251 silly fetchPackageMetaData     at Object.exports._errnoException (util.js:1020:11)
251 silly fetchPackageMetaData     at exports._exceptionWithHostPort (util.js:1043:20)
251 silly fetchPackageMetaData     at TCPConnectWrap.afterConnect [as oncomplete] (net.js:1086:14)
251 silly fetchPackageMetaData  error for @firebase/app@^0.1.2 { Error: connect ETIMEDOUT 151.101.192.162:443
251 silly fetchPackageMetaData     at Object.exports._errnoException (util.js:1020:11)
251 silly fetchPackageMetaData     at exports._exceptionWithHostPort (util.js:1043:20)
251 silly fetchPackageMetaData     at TCPConnectWrap.afterConnect [as oncomplete] (net.js:1086:14)
251 silly fetchPackageMetaData   code: 'ETIMEDOUT',
251 silly fetchPackageMetaData   errno: 'ETIMEDOUT',
251 silly fetchPackageMetaData   syscall: 'connect',
251 silly fetchPackageMetaData   address: '151.101.192.162',
251 silly fetchPackageMetaData   port: 443 }
252 silly rollbackFailedOptional Starting
253 silly rollbackFailedOptional Finishing
254 silly runTopLevelLifecycles Finishing
255 silly install printInstalled
256 verbose stack Error: connect ETIMEDOUT 151.101.192.162:443
256 verbose stack     at Object.exports._errnoException (util.js:1020:11)
256 verbose stack     at exports._exceptionWithHostPort (util.js:1043:20)
256 verbose stack     at TCPConnectWrap.afterConnect [as oncomplete] (net.js:1086:14)
257 verbose cwd C:\Users\juan.cano\desktop\admichallenges
258 error Windows_NT 6.1.7601
259 error argv "C:\\Program Files\\nodejs\\node.exe" "C:\\Program Files\\nodejs\\node_modules\\npm\\bin\\npm-cli.js" "install" "firebase" "--save"
260 error node v6.11.2
261 error npm  v3.10.10
262 error code ETIMEDOUT
263 error errno ETIMEDOUT
264 error syscall connect
265 error network connect ETIMEDOUT 151.101.192.162:443
266 error network This is most likely not a problem with npm itself
266 error network and is related to network connectivity.
266 error network In most cases you are behind a proxy or have bad network settings.
266 error network
266 error network If you are behind a proxy, please make sure that the
266 error network 'proxy' config is set properly.  See: 'npm help config'
267 verbose exit [ 1, true ]
