[debug] [2017-11-16T15:46:16.963Z] ----------------------------------------------------------------------
[debug] [2017-11-16T15:46:16.966Z] Command:       C:\Program Files\nodejs\node.exe C:\Users\ronal.ramos\AppData\Roaming\npm\node_modules\firebase-tools\bin\firebase serve
[debug] [2017-11-16T15:46:16.967Z] CLI Version:   3.15.1
[debug] [2017-11-16T15:46:16.967Z] Platform:      win32
[debug] [2017-11-16T15:46:16.967Z] Node Version:  v6.11.2
[debug] [2017-11-16T15:46:16.968Z] Time:          Thu Nov 16 2017 10:46:16 GMT-0500 (SA Pacific Standard Time)
[debug] [2017-11-16T15:46:16.969Z] ----------------------------------------------------------------------
[debug] 
[debug] [2017-11-16T15:46:16.990Z] > command requires scopes: ["email","openid","https://www.googleapis.com/auth/cloudplatformprojects.readonly","https://www.googleapis.com/auth/firebase","https://www.googleapis.com/auth/cloud-platform"]
[debug] [2017-11-16T15:46:16.992Z] > authorizing via signed-in user
[debug] [2017-11-16T15:46:16.995Z] > refreshing access token with scopes: ["email","https://www.googleapis.com/auth/cloud-platform","https://www.googleapis.com/auth/cloudplatformprojects.readonly","https://www.googleapis.com/auth/firebase","openid"]
[debug] [2017-11-16T15:46:16.996Z] >>> HTTP REQUEST POST https://www.googleapis.com/oauth2/v3/token { refresh_token: '1/KDddKQARMQEhlbc1koYHmpFRYcItCmmVhUTtkq3PquDTbbvfJi0ScwP2VH1D69tH',
  client_id: '563584335869-fgrhgmd47bqnekij5i8b5pr03ho849e6.apps.googleusercontent.com',
  client_secret: 'j9iVZfS8kkCEFUPaAeJV0sAi',
  grant_type: 'refresh_token',
  scope: 'email https://www.googleapis.com/auth/cloud-platform https://www.googleapis.com/auth/cloudplatformprojects.readonly https://www.googleapis.com/auth/firebase openid' } 
 Thu Nov 16 2017 10:46:16 GMT-0500 (SA Pacific Standard Time)
[debug] [2017-11-16T15:46:18.058Z] <<< HTTP RESPONSE 200
[debug] [2017-11-16T15:46:18.097Z] >>> HTTP REQUEST GET https://admin.firebase.com/v1/projects/agilforyou-challenge  
 Thu Nov 16 2017 10:46:18 GMT-0500 (SA Pacific Standard Time)
[debug] [2017-11-16T15:46:18.636Z] <<< HTTP RESPONSE 200
[debug] [2017-11-16T15:46:18.639Z] >>> HTTP REQUEST GET https://admin.firebase.com/v1/database/agilforyou-challenge/tokens  
 Thu Nov 16 2017 10:46:18 GMT-0500 (SA Pacific Standard Time)
[debug] [2017-11-16T15:46:19.279Z] <<< HTTP RESPONSE 200
[info] 
[info] === Serving from 'C:\Users\ronal.ramos'...
[info] 
[debug] [2017-11-16T15:46:19.288Z] >>> HTTP REQUEST GET https://cloudresourcemanager.googleapis.com/v1/projects/agilforyou-challenge  
 Thu Nov 16 2017 10:46:19 GMT-0500 (SA Pacific Standard Time)
[debug] [2017-11-16T15:46:21.336Z] <<< HTTP RESPONSE 200
[debug] [2017-11-16T15:46:21.338Z] >>> HTTP REQUEST GET https://mobilesdk-pa.googleapis.com/v1/projects/285978990060/clients/_:getWebAppConfig  
 Thu Nov 16 2017 10:46:21 GMT-0500 (SA Pacific Standard Time)
[debug] [2017-11-16T15:46:21.976Z] <<< HTTP RESPONSE 200
[debug] [2017-11-16T15:46:22.222Z] TypeError: Cannot read property 'public' of undefined
    at Server.<anonymous> (C:\Users\ronal.ramos\AppData\Roaming\npm\node_modules\firebase-tools\lib\serve\hosting.js:34:17)
    at Server.g (events.js:292:16)
    at emitNone (events.js:86:13)
    at Server.emit (events.js:185:7)
    at emitListeningNT (net.js:1284:10)
    at _combinedTickCallback (internal/process/next_tick.js:77:11)
    at process._tickDomainCallback (internal/process/next_tick.js:128:9)
[error] 
[error] Error: An unexpected error has occurred.
